# JRE version: OpenJDK Runtime Environment (17.0.9+11) (build 17.0.9+11-LTS)
# Java VM: OpenJDK 64-Bit Server VM (17.0.9+11-LTS, mixed mode, sharing, tiered, compressed oops, compressed class ptrs, g1 gc, windows-amd64)
GC Precious Log:
 CPUs: 2 total, 2 available
 Memory: 3991M
 Large Page Support: Disabled
 NUMA Support: Disabled
 Compressed Oops: Enabled (32-bit)
 Heap Region Size: 1M
 Heap Min Capacity: 8M
 Heap Initial Capacity: 64M
 Heap Max Capacity: 998M
 Pre-touch: Disabled
 Parallel Workers: 2
 Concurrent Workers: 1
 Concurrent Refinement Workers: 2
 Periodic GC: Disabled
Heap:
 garbage-first heap   total 65536K, used 39473K [0x00000000c1a00000, 0x0000000100000000)
  region size 1024K, 35 young (35840K), 1 survivors (1024K)
 Metaspace       used 15783K, committed 16128K, reserved 1114112K
  class space    used 2315K, committed 2496K, reserved 1048576K
GC Heap History (8 events):
Event: 5.995 GC heap before
{Heap before GC invocations=0 (full 0):
 garbage-first heap   total 65536K, used 5120K [0x00000000c1a00000, 0x0000000100000000)
  region size 1024K, 6 young (6144K), 0 survivors (0K)
 Metaspace       used 1775K, committed 1920K, reserved 1114112K
  class space    used 201K, committed 256K, reserved 1048576K
}
Event: 6.344 GC heap after
{Heap after GC invocations=1 (full 0):
 garbage-first heap   total 65536K, used 3724K [0x00000000c1a00000, 0x0000000100000000)
  region size 1024K, 1 young (1024K), 1 survivors (1024K)
 Metaspace       used 1775K, committed 1920K, reserved 1114112K
  class space    used 201K, committed 256K, reserved 1048576K
}
Event: 18.760 GC heap before
{Heap before GC invocations=1 (full 0):
 garbage-first heap   total 65536K, used 5772K [0x00000000c1a00000, 0x0000000100000000)
  region size 1024K, 3 young (3072K), 1 survivors (1024K)
 Metaspace       used 3393K, committed 3584K, reserved 1114112K
  class space    used 413K, committed 512K, reserved 1048576K
}
Event: 18.767 GC heap after
{Heap after GC invocations=2 (full 0):
 garbage-first heap   total 65536K, used 4389K [0x00000000c1a00000, 0x0000000100000000)
  region size 1024K, 1 young (1024K), 1 survivors (1024K)
 Metaspace       used 3393K, committed 3584K, reserved 1114112K
  class space    used 413K, committed 512K, reserved 1048576K
}
Event: 38.118 GC heap before
{Heap before GC invocations=2 (full 0):
 garbage-first heap   total 65536K, used 12581K [0x00000000c1a00000, 0x0000000100000000)
  region size 1024K, 9 young (9216K), 1 survivors (1024K)
 Metaspace       used 6489K, committed 6720K, reserved 1114112K
  class space    used 828K, committed 960K, reserved 1048576K
}
Event: 38.134 GC heap after
{Heap after GC invocations=3 (full 0):
 garbage-first heap   total 65536K, used 5786K [0x00000000c1a00000, 0x0000000100000000)
  region size 1024K, 2 young (2048K), 2 survivors (2048K)
 Metaspace       used 6489K, committed 6720K, reserved 1114112K
  class space    used 828K, committed 960K, reserved 1048576K
}
Event: 51.137 GC heap before
{Heap before GC invocations=3 (full 0):
 garbage-first heap   total 65536K, used 18074K [0x00000000c1a00000, 0x0000000100000000)
  region size 1024K, 15 young (15360K), 2 survivors (2048K)
 Metaspace       used 9140K, committed 9408K, reserved 1114112K
  class space    used 1208K, committed 1344K, reserved 1048576K
}
Event: 51.166 GC heap after
{Heap after GC invocations=4 (full 0):
 garbage-first heap   total 65536K, used 6705K [0x00000000c1a00000, 0x0000000100000000)
  region size 1024K, 1 young (1024K), 1 survivors (1024K)
 Metaspace       used 9140K, committed 9408K, reserved 1114112K
  class space    used 1208K, committed 1344K, reserved 1048576K
}

